<?xml version="1.0" encoding="UTF-8"?>
<!-- Generated by org.testng.reporters.JUnitReportReporter -->
<testsuite hostname="DESKTOP-7IH5MLE" failures="0" tests="1" name="com.technohaven.bd.VATPROMPT_Test.GoodsServiceSetup" time="24.862" errors="0" timestamp="2023-09-05T09:24:39 BDT" skipped="0">
  <testcase classname="com.technohaven.bd.VATPROMPT_Test.GoodsServiceSetup" name="GOODSSERVICESETUPMETHOD" time="24.862"/>
</testsuite> <!-- com.technohaven.bd.VATPROMPT_Test.GoodsServiceSetup -->
