<?xml version="1.0" encoding="UTF-8"?>
<!-- Generated by org.testng.reporters.JUnitReportReporter -->
<testsuite hostname="DESKTOP-7IH5MLE" failures="0" tests="1" name="com.technohaven.bd.VATPROMPT_Test.GoodsServiceSetup" time="25.914" errors="0" timestamp="2023-09-05T11:56:00 BDT" skipped="0">
  <testcase classname="com.technohaven.bd.VATPROMPT_Test.GoodsServiceSetup" name="GOODSSERVICESETUPMETHOD" time="25.914"/>
</testsuite> <!-- com.technohaven.bd.VATPROMPT_Test.GoodsServiceSetup -->
