<?xml version="1.0" encoding="UTF-8"?>
<!-- Generated by org.testng.reporters.JUnitReportReporter -->
<testsuite hostname="DESKTOP-7IH5MLE" failures="0" tests="1" name="com.technohaven.bd.VATPROMPT_Test.login" time="55.686" errors="0" timestamp="2023-08-28T17:22:37 BDT" skipped="0">
  <testcase classname="com.technohaven.bd.VATPROMPT_Test.login" name="userLogin" time="55.686"/>
</testsuite> <!-- com.technohaven.bd.VATPROMPT_Test.login -->
