<?xml version="1.0" encoding="UTF-8"?>
<!-- Generated by org.testng.reporters.JUnitReportReporter -->
<testsuite hostname="DESKTOP-7IH5MLE" failures="0" tests="1" name="com.technohaven.bd.VATPROMPT_Test.addParty" time="9.543" errors="0" timestamp="2023-08-28T13:21:14 BDT" skipped="0">
  <testcase classname="com.technohaven.bd.VATPROMPT_Test.addParty" name="userLogin" time="9.543"/>
</testsuite> <!-- com.technohaven.bd.VATPROMPT_Test.addParty -->
